<?xml version="1.0" encoding="UTF-8"?>
<testsuite name="lint.dp.KnapsackTest" tests="3" skipped="0" failures="0" errors="0" timestamp="2025-03-18T00:07:39" hostname="GL-LAP-BLR-1272.local" time="0.009">
  <properties/>
  <testcase name="a()" classname="lint.dp.KnapsackTest" time="0.0"/>
  <testcase name="minMeetingRooms()" classname="lint.dp.KnapsackTest" time="0.007"/>
  <testcase name="minMeetingRooms2()" classname="lint.dp.KnapsackTest" time="0.001"/>
  <system-out><![CDATA[9
]]></system-out>
  <system-err><![CDATA[]]></system-err>
</testsuite>
