<?xml version="1.0" encoding="UTF-8"?>
<testsuite name="lint.dp.KnapsackTest" tests="1" skipped="0" failures="0" errors="0" timestamp="2022-10-01T06:04:09" hostname="PP-C02Z66DZLVCG" time="5.065">
  <properties/>
  <testcase name="minMeetingRooms2()" classname="lint.dp.KnapsackTest" time="5.065"/>
  <system-out><![CDATA[]]></system-out>
  <system-err><![CDATA[]]></system-err>
</testsuite>
